<?xml version="1.0" encoding="UTF-8"?>
<!-- Generated by org.testng.reporters.JUnitReportReporter -->
<testsuite hostname="LAPTOP-QHAAC6A6" failures="0" tests="1" name="cucumber.TestNGTestRunner" time="14.814" errors="0" timestamp="2024-07-21T11:38:44 IST" skipped="0">
  <testcase classname="cucumber.TestNGTestRunner" name="runScenario" time="14.814"/>
  <system-out/>
</testsuite> <!-- cucumber.TestNGTestRunner -->
