<?xml version="1.0" encoding="UTF-8"?>
<!-- Generated by org.testng.reporters.JUnitReportReporter -->
<testsuite hostname="LAPTOP-QHAAC6A6" failures="0" tests="1" name="SsquareIT.SeleniumFramework.E2ETest" time="8.338" errors="0" timestamp="2024-07-12T18:45:35 IST" skipped="0">
  <testcase classname="SsquareIT.SeleniumFramework.E2ETest" name="endToEndTest" time="8.338"/>
  <system-out/>
</testsuite> <!-- SsquareIT.SeleniumFramework.E2ETest -->
