<?xml version="1.0" encoding="UTF-8"?>
<!-- Generated by org.testng.reporters.JUnitReportReporter -->
<testsuite hostname="LAPTOP-QHAAC6A6" failures="0" tests="2" name="SsquareIT.SeleniumFramework.E2ETest2" time="23.049" errors="0" timestamp="2024-07-21T11:56:07 IST" skipped="0">
  <testcase classname="SsquareIT.SeleniumFramework.E2ETest2" name="endToEndTest" time="11.542"/>
  <system-out/>
  <testcase classname="SsquareIT.SeleniumFramework.E2ETest2" name="endToEndTest" time="11.507"/>
  <system-out/>
</testsuite> <!-- SsquareIT.SeleniumFramework.E2ETest2 -->
